<?xml version="1.0" encoding="UTF-8" ?>
<testsuites errors="3"
            failures="1"
            tests="2">

  <testsuite name="messenger"
    errors="3" failures="1" hostname="" id="" package="messenger" skipped="0"
    tests="2" time="27.54" timestamp="">
  
    <testcase name="Send simple message" classname="messenger" time="4.533" assertions="3">

    

    

    
    </testcase>
  
    <testcase name="Check if message is received" classname="messenger" time="23.00" assertions="1">  <failure message="Testing if the URL is &#39;http://localhost:3000/app/home&#39; in 5000ms - expected &#34;is &#39;http://localhost:3000/app/home&#39;&#34; but got: &#34;http://localhost:3000/login&#34; (5098ms)">    at DescribeInstance.&lt;anonymous&gt; (/Users/alexhm/Desktop/wizzer-teacher/Nightwat-split/tests/messenger.js:25:15)
    at runMicrotasks (&lt;anonymous&gt;)</failure>

    
    <error message="Testing if the URL is [0;33m&#39;http://localhost:3000/app/home&#39;[0m in 5000ms - expected [0;32m&#34;is &#39;http://localhost:3000/app/home&#39;&#34;[0m but got: [0;31m&#34;http://localhost:3000/login&#34;[0m [0;90m(5098ms)[0m" type="error"><![CDATA[
    Error
    at Proxy.&lt;anonymous&gt; (/Users/alexhm/Desktop/wizzer-teacher/Nightwat-split/node_modules/nightwatch/lib/api/index.js:145:30)
    at DescribeInstance.&lt;anonymous&gt; (/Users/alexhm/Desktop/wizzer-teacher/Nightwat-split/tests/messenger.js:25:15)
    at Context.call (/Users/alexhm/Desktop/wizzer-teacher/Nightwat-split/node_modules/nightwatch/lib/testsuite/context.js:430:35)
    at TestCase.run (/Users/alexhm/Desktop/wizzer-teacher/Nightwat-split/node_modules/nightwatch/lib/testsuite/testcase.js:58:31)
    at Runnable.__runFn (/Users/alexhm/Desktop/wizzer-teacher/Nightwat-split/node_modules/nightwatch/lib/testsuite/index.js:655:80)
    at Runnable.run (/Users/alexhm/Desktop/wizzer-teacher/Nightwat-split/node_modules/nightwatch/lib/testsuite/runnable.js:126:21)
    at TestSuite.createRunnable (/Users/alexhm/Desktop/wizzer-teacher/Nightwat-split/node_modules/nightwatch/lib/testsuite/index.js:762:33)
    at TestSuite.handleRunnable (/Users/alexhm/Desktop/wizzer-teacher/Nightwat-split/node_modules/nightwatch/lib/testsuite/index.js:767:33)
    at /Users/alexhm/Desktop/wizzer-teacher/Nightwat-split/node_modules/nightwatch/lib/testsuite/index.js:655:21
    at runMicrotasks (&lt;anonymous&gt;)
    ]]></error>
    
    </testcase>
  

  
    <system-err>
       NoSuchElementError: An error occurred while running .setValue() command on &lt;input[type=email]&gt;: Timed out while waiting for element &#34;input[type=email]&#34; with &#34;xpath&#34; to be present for 5000 milliseconds.
       at DescribeInstance.&lt;anonymous&gt; (/Users/alexhm/Desktop/wizzer-teacher/Nightwat-split/tests/messenger.js:22:8)
       at runMicrotasks (&lt;anonymous&gt;)
 NoSuchElementError: An error occurred while running .setValue() command on &lt;input[type=password]&gt;: Timed out while waiting for element &#34;input[type=password]&#34; with &#34;xpath&#34; to be present for 5000 milliseconds.
       at DescribeInstance.&lt;anonymous&gt; (/Users/alexhm/Desktop/wizzer-teacher/Nightwat-split/tests/messenger.js:23:8)
       at runMicrotasks (&lt;anonymous&gt;)
 NoSuchElementError: An error occurred while running .click() command on &lt;button[type=submit]&gt;: Timed out while waiting for element &#34;button[type=submit]&#34; with &#34;xpath&#34; to be present for 5000 milliseconds.
       at DescribeInstance.&lt;anonymous&gt; (/Users/alexhm/Desktop/wizzer-teacher/Nightwat-split/tests/messenger.js:24:8)
       at runMicrotasks (&lt;anonymous&gt;)
    </system-err>
  

    

  
  </testsuite>
</testsuites>
